<?xml version="1.0" encoding="UTF-8"?>
<!-- Generated by org.testng.reporters.JUnitReportReporter -->
<testsuite hostname="WINDELL-B6HDFLT" failures="0" tests="1" name="stepdefinitions.Runner" time="31.184" errors="0" timestamp="2022-10-26T11:35:20 EDT" skipped="0">
  <testcase classname="stepdefinitions.Runner" name="runScenario" time="31.184"/>
  <system-out/>
</testsuite> <!-- stepdefinitions.Runner -->
